[2026-04-23T16:02:01.447Z] [INFO] Scheduled task: Full anatomy rescan (0 */6 * * *)
[2026-04-23T16:02:01.449Z] [INFO] Scheduled task: Consolidate old memory (0 2 * * *)
[2026-04-23T16:02:01.449Z] [INFO] Scheduled task: Token audit report (0 0 * * 1)
[2026-04-23T16:02:01.449Z] [INFO] Scheduled task: Cerebrum reflection (0 3 * * 0)
[2026-04-23T16:02:01.450Z] [INFO] Scheduled task: AI suggestions (0 4 * * 1)
[2026-04-23T16:02:01.450Z] [INFO] File watcher started on .wolf/
[2026-04-23T16:02:01.451Z] [INFO] OpenWolf daemon started
[2026-04-23T16:02:01.451Z] [INFO] Dashboard server listening on port 18791
[2026-04-29T01:32:18.402Z] [INFO] Scheduled task: Full anatomy rescan (0 */6 * * *)
[2026-04-29T01:32:18.404Z] [INFO] Scheduled task: Consolidate old memory (0 2 * * *)
[2026-04-29T01:32:18.404Z] [INFO] Scheduled task: Token audit report (0 0 * * 1)
[2026-04-29T01:32:18.404Z] [INFO] Scheduled task: Cerebrum reflection (0 3 * * 0)
[2026-04-29T01:32:18.405Z] [INFO] Scheduled task: AI suggestions (0 4 * * 1)
[2026-04-29T01:32:18.405Z] [INFO] File watcher started on .wolf/
[2026-04-29T01:32:18.406Z] [INFO] OpenWolf daemon started
[2026-04-29T01:32:18.406Z] [INFO] Dashboard server listening on port 18791
[2026-04-29T01:32:18.557Z] [INFO] Scheduled task: Full anatomy rescan (0 */6 * * *)
[2026-04-29T01:32:18.558Z] [INFO] Scheduled task: Consolidate old memory (0 2 * * *)
[2026-04-29T01:32:18.559Z] [INFO] Scheduled task: Token audit report (0 0 * * 1)
[2026-04-29T01:32:18.559Z] [INFO] Scheduled task: Cerebrum reflection (0 3 * * 0)
[2026-04-29T01:32:18.559Z] [INFO] Scheduled task: AI suggestions (0 4 * * 1)
[2026-04-29T01:32:18.560Z] [INFO] File watcher started on .wolf/
[2026-04-29T01:32:18.560Z] [INFO] OpenWolf daemon started
[2026-04-29T01:32:18.561Z] [INFO] Dashboard server listening on port 18791
[2026-04-29T01:32:18.714Z] [INFO] Scheduled task: Full anatomy rescan (0 */6 * * *)
[2026-04-29T01:32:18.715Z] [INFO] Scheduled task: Consolidate old memory (0 2 * * *)
[2026-04-29T01:32:18.716Z] [INFO] Scheduled task: Token audit report (0 0 * * 1)
[2026-04-29T01:32:18.716Z] [INFO] Scheduled task: Cerebrum reflection (0 3 * * 0)
[2026-04-29T01:32:18.716Z] [INFO] Scheduled task: AI suggestions (0 4 * * 1)
[2026-04-29T01:32:18.717Z] [INFO] File watcher started on .wolf/
[2026-04-29T01:32:18.717Z] [INFO] OpenWolf daemon started
[2026-04-29T01:32:18.718Z] [INFO] Dashboard server listening on port 18791
[2026-04-29T01:32:18.868Z] [INFO] Scheduled task: Full anatomy rescan (0 */6 * * *)
[2026-04-29T01:32:18.870Z] [INFO] Scheduled task: Consolidate old memory (0 2 * * *)
[2026-04-29T01:32:18.870Z] [INFO] Scheduled task: Token audit report (0 0 * * 1)
[2026-04-29T01:32:18.870Z] [INFO] Scheduled task: Cerebrum reflection (0 3 * * 0)
[2026-04-29T01:32:18.871Z] [INFO] Scheduled task: AI suggestions (0 4 * * 1)
[2026-04-29T01:32:18.871Z] [INFO] File watcher started on .wolf/
[2026-04-29T01:32:18.872Z] [INFO] OpenWolf daemon started
[2026-04-29T01:32:18.872Z] [INFO] Dashboard server listening on port 18791
[2026-04-29T01:32:19.021Z] [INFO] Scheduled task: Full anatomy rescan (0 */6 * * *)
[2026-04-29T01:32:19.022Z] [INFO] Scheduled task: Consolidate old memory (0 2 * * *)
[2026-04-29T01:32:19.023Z] [INFO] Scheduled task: Token audit report (0 0 * * 1)
[2026-04-29T01:32:19.023Z] [INFO] Scheduled task: Cerebrum reflection (0 3 * * 0)
[2026-04-29T01:32:19.023Z] [INFO] Scheduled task: AI suggestions (0 4 * * 1)
[2026-04-29T01:32:19.024Z] [INFO] File watcher started on .wolf/
[2026-04-29T01:32:19.024Z] [INFO] OpenWolf daemon started
[2026-04-29T01:32:19.025Z] [INFO] Dashboard server listening on port 18791
[2026-04-29T01:32:19.174Z] [INFO] Scheduled task: Full anatomy rescan (0 */6 * * *)
[2026-04-29T01:32:19.175Z] [INFO] Scheduled task: Consolidate old memory (0 2 * * *)
[2026-04-29T01:32:19.175Z] [INFO] Scheduled task: Token audit report (0 0 * * 1)
[2026-04-29T01:32:19.175Z] [INFO] Scheduled task: Cerebrum reflection (0 3 * * 0)
[2026-04-29T01:32:19.176Z] [INFO] Scheduled task: AI suggestions (0 4 * * 1)
[2026-04-29T01:32:19.176Z] [INFO] File watcher started on .wolf/
[2026-04-29T01:32:19.177Z] [INFO] OpenWolf daemon started
[2026-04-29T01:32:19.177Z] [INFO] Dashboard server listening on port 18791
[2026-04-29T01:32:19.329Z] [INFO] Scheduled task: Full anatomy rescan (0 */6 * * *)
[2026-04-29T01:32:19.331Z] [INFO] Scheduled task: Consolidate old memory (0 2 * * *)
[2026-04-29T01:32:19.331Z] [INFO] Scheduled task: Token audit report (0 0 * * 1)
[2026-04-29T01:32:19.331Z] [INFO] Scheduled task: Cerebrum reflection (0 3 * * 0)
[2026-04-29T01:32:19.331Z] [INFO] Scheduled task: AI suggestions (0 4 * * 1)
[2026-04-29T01:32:19.332Z] [INFO] File watcher started on .wolf/
[2026-04-29T01:32:19.333Z] [INFO] OpenWolf daemon started
[2026-04-29T01:32:19.333Z] [INFO] Dashboard server listening on port 18791
[2026-04-29T01:32:19.483Z] [INFO] Scheduled task: Full anatomy rescan (0 */6 * * *)
[2026-04-29T01:32:19.485Z] [INFO] Scheduled task: Consolidate old memory (0 2 * * *)
[2026-04-29T01:32:19.485Z] [INFO] Scheduled task: Token audit report (0 0 * * 1)
[2026-04-29T01:32:19.485Z] [INFO] Scheduled task: Cerebrum reflection (0 3 * * 0)
[2026-04-29T01:32:19.485Z] [INFO] Scheduled task: AI suggestions (0 4 * * 1)
[2026-04-29T01:32:19.486Z] [INFO] File watcher started on .wolf/
[2026-04-29T01:32:19.486Z] [INFO] OpenWolf daemon started
[2026-04-29T01:32:19.487Z] [INFO] Dashboard server listening on port 18791
[2026-04-29T01:32:19.639Z] [INFO] Scheduled task: Full anatomy rescan (0 */6 * * *)
[2026-04-29T01:32:19.640Z] [INFO] Scheduled task: Consolidate old memory (0 2 * * *)
[2026-04-29T01:32:19.640Z] [INFO] Scheduled task: Token audit report (0 0 * * 1)
[2026-04-29T01:32:19.640Z] [INFO] Scheduled task: Cerebrum reflection (0 3 * * 0)
[2026-04-29T01:32:19.641Z] [INFO] Scheduled task: AI suggestions (0 4 * * 1)
[2026-04-29T01:32:19.641Z] [INFO] File watcher started on .wolf/
[2026-04-29T01:32:19.642Z] [INFO] OpenWolf daemon started
[2026-04-29T01:32:19.642Z] [INFO] Dashboard server listening on port 18791
[2026-04-29T01:32:19.792Z] [INFO] Scheduled task: Full anatomy rescan (0 */6 * * *)
[2026-04-29T01:32:19.793Z] [INFO] Scheduled task: Consolidate old memory (0 2 * * *)
[2026-04-29T01:32:19.793Z] [INFO] Scheduled task: Token audit report (0 0 * * 1)
[2026-04-29T01:32:19.794Z] [INFO] Scheduled task: Cerebrum reflection (0 3 * * 0)
[2026-04-29T01:32:19.794Z] [INFO] Scheduled task: AI suggestions (0 4 * * 1)
[2026-04-29T01:32:19.794Z] [INFO] File watcher started on .wolf/
[2026-04-29T01:32:19.795Z] [INFO] OpenWolf daemon started
[2026-04-29T01:32:19.795Z] [INFO] Dashboard server listening on port 18791
[2026-04-29T01:32:19.944Z] [INFO] Scheduled task: Full anatomy rescan (0 */6 * * *)
[2026-04-29T01:32:19.945Z] [INFO] Scheduled task: Consolidate old memory (0 2 * * *)
[2026-04-29T01:32:19.946Z] [INFO] Scheduled task: Token audit report (0 0 * * 1)
[2026-04-29T01:32:19.946Z] [INFO] Scheduled task: Cerebrum reflection (0 3 * * 0)
[2026-04-29T01:32:19.946Z] [INFO] Scheduled task: AI suggestions (0 4 * * 1)
[2026-04-29T01:32:19.947Z] [INFO] File watcher started on .wolf/
[2026-04-29T01:32:19.947Z] [INFO] OpenWolf daemon started
[2026-04-29T01:32:19.948Z] [INFO] Dashboard server listening on port 18791
[2026-04-29T01:32:20.101Z] [INFO] Scheduled task: Full anatomy rescan (0 */6 * * *)
[2026-04-29T01:32:20.102Z] [INFO] Scheduled task: Consolidate old memory (0 2 * * *)
[2026-04-29T01:32:20.103Z] [INFO] Scheduled task: Token audit report (0 0 * * 1)
[2026-04-29T01:32:20.103Z] [INFO] Scheduled task: Cerebrum reflection (0 3 * * 0)
[2026-04-29T01:32:20.103Z] [INFO] Scheduled task: AI suggestions (0 4 * * 1)
[2026-04-29T01:32:20.104Z] [INFO] File watcher started on .wolf/
[2026-04-29T01:32:20.104Z] [INFO] OpenWolf daemon started
[2026-04-29T01:32:20.105Z] [INFO] Dashboard server listening on port 18791
[2026-04-29T01:32:20.258Z] [INFO] Scheduled task: Full anatomy rescan (0 */6 * * *)
[2026-04-29T01:32:20.259Z] [INFO] Scheduled task: Consolidate old memory (0 2 * * *)
[2026-04-29T01:32:20.260Z] [INFO] Scheduled task: Token audit report (0 0 * * 1)
[2026-04-29T01:32:20.260Z] [INFO] Scheduled task: Cerebrum reflection (0 3 * * 0)
[2026-04-29T01:32:20.260Z] [INFO] Scheduled task: AI suggestions (0 4 * * 1)
[2026-04-29T01:32:20.261Z] [INFO] File watcher started on .wolf/
[2026-04-29T01:32:20.261Z] [INFO] OpenWolf daemon started
[2026-04-29T01:32:20.261Z] [INFO] Dashboard server listening on port 18791
[2026-04-29T01:32:20.409Z] [INFO] Scheduled task: Full anatomy rescan (0 */6 * * *)
[2026-04-29T01:32:20.410Z] [INFO] Scheduled task: Consolidate old memory (0 2 * * *)
[2026-04-29T01:32:20.411Z] [INFO] Scheduled task: Token audit report (0 0 * * 1)
[2026-04-29T01:32:20.411Z] [INFO] Scheduled task: Cerebrum reflection (0 3 * * 0)
[2026-04-29T01:32:20.411Z] [INFO] Scheduled task: AI suggestions (0 4 * * 1)
[2026-04-29T01:32:20.412Z] [INFO] File watcher started on .wolf/
[2026-04-29T01:32:20.412Z] [INFO] OpenWolf daemon started
[2026-04-29T01:32:20.413Z] [INFO] Dashboard server listening on port 18791
[2026-04-29T01:32:20.561Z] [INFO] Scheduled task: Full anatomy rescan (0 */6 * * *)
[2026-04-29T01:32:20.563Z] [INFO] Scheduled task: Consolidate old memory (0 2 * * *)
[2026-04-29T01:32:20.563Z] [INFO] Scheduled task: Token audit report (0 0 * * 1)
[2026-04-29T01:32:20.563Z] [INFO] Scheduled task: Cerebrum reflection (0 3 * * 0)
[2026-04-29T01:32:20.563Z] [INFO] Scheduled task: AI suggestions (0 4 * * 1)
[2026-04-29T01:32:20.564Z] [INFO] File watcher started on .wolf/
[2026-04-29T01:32:20.564Z] [INFO] OpenWolf daemon started
[2026-04-29T01:32:20.565Z] [INFO] Dashboard server listening on port 18791
[2026-04-29T01:32:20.719Z] [INFO] Scheduled task: Full anatomy rescan (0 */6 * * *)
[2026-04-29T01:32:20.720Z] [INFO] Scheduled task: Consolidate old memory (0 2 * * *)
[2026-04-29T01:32:20.720Z] [INFO] Scheduled task: Token audit report (0 0 * * 1)
[2026-04-29T01:32:20.720Z] [INFO] Scheduled task: Cerebrum reflection (0 3 * * 0)
[2026-04-29T01:32:20.721Z] [INFO] Scheduled task: AI suggestions (0 4 * * 1)
[2026-04-29T01:32:20.721Z] [INFO] File watcher started on .wolf/
[2026-04-29T01:32:20.722Z] [INFO] OpenWolf daemon started
[2026-04-29T01:32:20.722Z] [INFO] Dashboard server listening on port 18791
[2026-04-29T02:00:18.667Z] [INFO] Scheduled task: Full anatomy rescan (0 */6 * * *)
[2026-04-29T02:00:18.668Z] [INFO] Scheduled task: Consolidate old memory (0 2 * * *)
[2026-04-29T02:00:18.669Z] [INFO] Scheduled task: Token audit report (0 0 * * 1)
[2026-04-29T02:00:18.669Z] [INFO] Scheduled task: Cerebrum reflection (0 3 * * 0)
[2026-04-29T02:00:18.669Z] [INFO] Scheduled task: AI suggestions (0 4 * * 1)
[2026-04-29T02:00:18.670Z] [INFO] File watcher started on .wolf/
[2026-04-29T02:00:18.670Z] [INFO] OpenWolf daemon started
[2026-04-29T02:00:18.671Z] [INFO] Dashboard server listening on port 18791
[2026-04-29T02:00:18.819Z] [INFO] Scheduled task: Full anatomy rescan (0 */6 * * *)
[2026-04-29T02:00:18.820Z] [INFO] Scheduled task: Consolidate old memory (0 2 * * *)
[2026-04-29T02:00:18.821Z] [INFO] Scheduled task: Token audit report (0 0 * * 1)
[2026-04-29T02:00:18.821Z] [INFO] Scheduled task: Cerebrum reflection (0 3 * * 0)
[2026-04-29T02:00:18.821Z] [INFO] Scheduled task: AI suggestions (0 4 * * 1)
[2026-04-29T02:00:18.822Z] [INFO] File watcher started on .wolf/
[2026-04-29T02:00:18.822Z] [INFO] OpenWolf daemon started
[2026-04-29T02:00:18.823Z] [INFO] Dashboard server listening on port 18791
[2026-04-29T02:00:18.973Z] [INFO] Scheduled task: Full anatomy rescan (0 */6 * * *)
[2026-04-29T02:00:18.975Z] [INFO] Scheduled task: Consolidate old memory (0 2 * * *)
[2026-04-29T02:00:18.975Z] [INFO] Scheduled task: Token audit report (0 0 * * 1)
[2026-04-29T02:00:18.975Z] [INFO] Scheduled task: Cerebrum reflection (0 3 * * 0)
[2026-04-29T02:00:18.975Z] [INFO] Scheduled task: AI suggestions (0 4 * * 1)
[2026-04-29T02:00:18.976Z] [INFO] File watcher started on .wolf/
[2026-04-29T02:00:18.976Z] [INFO] OpenWolf daemon started
[2026-04-29T02:00:18.976Z] [INFO] Dashboard server listening on port 18791
[2026-04-29T02:00:19.122Z] [INFO] Scheduled task: Full anatomy rescan (0 */6 * * *)
[2026-04-29T02:00:19.123Z] [INFO] Scheduled task: Consolidate old memory (0 2 * * *)
[2026-04-29T02:00:19.124Z] [INFO] Scheduled task: Token audit report (0 0 * * 1)
[2026-04-29T02:00:19.124Z] [INFO] Scheduled task: Cerebrum reflection (0 3 * * 0)
[2026-04-29T02:00:19.124Z] [INFO] Scheduled task: AI suggestions (0 4 * * 1)
[2026-04-29T02:00:19.125Z] [INFO] File watcher started on .wolf/
[2026-04-29T02:00:19.125Z] [INFO] OpenWolf daemon started
[2026-04-29T02:00:19.126Z] [INFO] Dashboard server listening on port 18791
[2026-04-29T02:00:19.273Z] [INFO] Scheduled task: Full anatomy rescan (0 */6 * * *)
[2026-04-29T02:00:19.275Z] [INFO] Scheduled task: Consolidate old memory (0 2 * * *)
[2026-04-29T02:00:19.275Z] [INFO] Scheduled task: Token audit report (0 0 * * 1)
[2026-04-29T02:00:19.275Z] [INFO] Scheduled task: Cerebrum reflection (0 3 * * 0)
[2026-04-29T02:00:19.275Z] [INFO] Scheduled task: AI suggestions (0 4 * * 1)
[2026-04-29T02:00:19.276Z] [INFO] File watcher started on .wolf/
[2026-04-29T02:00:19.276Z] [INFO] OpenWolf daemon started
[2026-04-29T02:00:19.277Z] [INFO] Dashboard server listening on port 18791
[2026-04-29T02:00:19.425Z] [INFO] Scheduled task: Full anatomy rescan (0 */6 * * *)
[2026-04-29T02:00:19.426Z] [INFO] Scheduled task: Consolidate old memory (0 2 * * *)
[2026-04-29T02:00:19.426Z] [INFO] Scheduled task: Token audit report (0 0 * * 1)
[2026-04-29T02:00:19.426Z] [INFO] Scheduled task: Cerebrum reflection (0 3 * * 0)
[2026-04-29T02:00:19.427Z] [INFO] Scheduled task: AI suggestions (0 4 * * 1)
[2026-04-29T02:00:19.427Z] [INFO] File watcher started on .wolf/
[2026-04-29T02:00:19.428Z] [INFO] OpenWolf daemon started
[2026-04-29T02:00:19.428Z] [INFO] Dashboard server listening on port 18791
[2026-04-29T02:00:19.573Z] [INFO] Scheduled task: Full anatomy rescan (0 */6 * * *)
[2026-04-29T02:00:19.574Z] [INFO] Scheduled task: Consolidate old memory (0 2 * * *)
[2026-04-29T02:00:19.574Z] [INFO] Scheduled task: Token audit report (0 0 * * 1)
[2026-04-29T02:00:19.575Z] [INFO] Scheduled task: Cerebrum reflection (0 3 * * 0)
[2026-04-29T02:00:19.575Z] [INFO] Scheduled task: AI suggestions (0 4 * * 1)
[2026-04-29T02:00:19.575Z] [INFO] File watcher started on .wolf/
[2026-04-29T02:00:19.576Z] [INFO] OpenWolf daemon started
[2026-04-29T02:00:19.576Z] [INFO] Dashboard server listening on port 18791
[2026-04-29T02:00:19.723Z] [INFO] Scheduled task: Full anatomy rescan (0 */6 * * *)
[2026-04-29T02:00:19.724Z] [INFO] Scheduled task: Consolidate old memory (0 2 * * *)
[2026-04-29T02:00:19.725Z] [INFO] Scheduled task: Token audit report (0 0 * * 1)
[2026-04-29T02:00:19.725Z] [INFO] Scheduled task: Cerebrum reflection (0 3 * * 0)
[2026-04-29T02:00:19.725Z] [INFO] Scheduled task: AI suggestions (0 4 * * 1)
[2026-04-29T02:00:19.726Z] [INFO] File watcher started on .wolf/
[2026-04-29T02:00:19.726Z] [INFO] OpenWolf daemon started
[2026-04-29T02:00:19.727Z] [INFO] Dashboard server listening on port 18791
[2026-04-29T02:00:19.875Z] [INFO] Scheduled task: Full anatomy rescan (0 */6 * * *)
[2026-04-29T02:00:19.877Z] [INFO] Scheduled task: Consolidate old memory (0 2 * * *)
[2026-04-29T02:00:19.877Z] [INFO] Scheduled task: Token audit report (0 0 * * 1)
[2026-04-29T02:00:19.877Z] [INFO] Scheduled task: Cerebrum reflection (0 3 * * 0)
[2026-04-29T02:00:19.878Z] [INFO] Scheduled task: AI suggestions (0 4 * * 1)
[2026-04-29T02:00:19.878Z] [INFO] File watcher started on .wolf/
[2026-04-29T02:00:19.879Z] [INFO] OpenWolf daemon started
[2026-04-29T02:00:19.879Z] [INFO] Dashboard server listening on port 18791
[2026-04-29T02:00:20.029Z] [INFO] Scheduled task: Full anatomy rescan (0 */6 * * *)
[2026-04-29T02:00:20.030Z] [INFO] Scheduled task: Consolidate old memory (0 2 * * *)
[2026-04-29T02:00:20.031Z] [INFO] Scheduled task: Token audit report (0 0 * * 1)
[2026-04-29T02:00:20.031Z] [INFO] Scheduled task: Cerebrum reflection (0 3 * * 0)
[2026-04-29T02:00:20.031Z] [INFO] Scheduled task: AI suggestions (0 4 * * 1)
[2026-04-29T02:00:20.032Z] [INFO] File watcher started on .wolf/
[2026-04-29T02:00:20.032Z] [INFO] OpenWolf daemon started
[2026-04-29T02:00:20.033Z] [INFO] Dashboard server listening on port 18791
[2026-04-29T02:00:20.181Z] [INFO] Scheduled task: Full anatomy rescan (0 */6 * * *)
[2026-04-29T02:00:20.182Z] [INFO] Scheduled task: Consolidate old memory (0 2 * * *)
[2026-04-29T02:00:20.182Z] [INFO] Scheduled task: Token audit report (0 0 * * 1)
[2026-04-29T02:00:20.183Z] [INFO] Scheduled task: Cerebrum reflection (0 3 * * 0)
[2026-04-29T02:00:20.183Z] [INFO] Scheduled task: AI suggestions (0 4 * * 1)
[2026-04-29T02:00:20.183Z] [INFO] File watcher started on .wolf/
[2026-04-29T02:00:20.184Z] [INFO] OpenWolf daemon started
[2026-04-29T02:00:20.184Z] [INFO] Dashboard server listening on port 18791
[2026-04-29T02:00:20.333Z] [INFO] Scheduled task: Full anatomy rescan (0 */6 * * *)
[2026-04-29T02:00:20.335Z] [INFO] Scheduled task: Consolidate old memory (0 2 * * *)
[2026-04-29T02:00:20.335Z] [INFO] Scheduled task: Token audit report (0 0 * * 1)
[2026-04-29T02:00:20.335Z] [INFO] Scheduled task: Cerebrum reflection (0 3 * * 0)
[2026-04-29T02:00:20.336Z] [INFO] Scheduled task: AI suggestions (0 4 * * 1)
[2026-04-29T02:00:20.336Z] [INFO] File watcher started on .wolf/
[2026-04-29T02:00:20.337Z] [INFO] OpenWolf daemon started
[2026-04-29T02:00:20.337Z] [INFO] Dashboard server listening on port 18791
[2026-04-29T02:00:20.485Z] [INFO] Scheduled task: Full anatomy rescan (0 */6 * * *)
[2026-04-29T02:00:20.486Z] [INFO] Scheduled task: Consolidate old memory (0 2 * * *)
[2026-04-29T02:00:20.487Z] [INFO] Scheduled task: Token audit report (0 0 * * 1)
[2026-04-29T02:00:20.487Z] [INFO] Scheduled task: Cerebrum reflection (0 3 * * 0)
[2026-04-29T02:00:20.487Z] [INFO] Scheduled task: AI suggestions (0 4 * * 1)
[2026-04-29T02:00:20.488Z] [INFO] File watcher started on .wolf/
[2026-04-29T02:00:20.488Z] [INFO] OpenWolf daemon started
[2026-04-29T02:00:20.489Z] [INFO] Dashboard server listening on port 18791
[2026-04-29T02:00:20.635Z] [INFO] Scheduled task: Full anatomy rescan (0 */6 * * *)
[2026-04-29T02:00:20.636Z] [INFO] Scheduled task: Consolidate old memory (0 2 * * *)
[2026-04-29T02:00:20.637Z] [INFO] Scheduled task: Token audit report (0 0 * * 1)
[2026-04-29T02:00:20.637Z] [INFO] Scheduled task: Cerebrum reflection (0 3 * * 0)
[2026-04-29T02:00:20.637Z] [INFO] Scheduled task: AI suggestions (0 4 * * 1)
[2026-04-29T02:00:20.638Z] [INFO] File watcher started on .wolf/
[2026-04-29T02:00:20.638Z] [INFO] OpenWolf daemon started
[2026-04-29T02:00:20.639Z] [INFO] Dashboard server listening on port 18791
[2026-04-29T02:00:20.784Z] [INFO] Scheduled task: Full anatomy rescan (0 */6 * * *)
[2026-04-29T02:00:20.785Z] [INFO] Scheduled task: Consolidate old memory (0 2 * * *)
[2026-04-29T02:00:20.786Z] [INFO] Scheduled task: Token audit report (0 0 * * 1)
[2026-04-29T02:00:20.786Z] [INFO] Scheduled task: Cerebrum reflection (0 3 * * 0)
[2026-04-29T02:00:20.786Z] [INFO] Scheduled task: AI suggestions (0 4 * * 1)
[2026-04-29T02:00:20.786Z] [INFO] File watcher started on .wolf/
[2026-04-29T02:00:20.787Z] [INFO] OpenWolf daemon started
[2026-04-29T02:00:20.787Z] [INFO] Dashboard server listening on port 18791
[2026-04-29T02:00:20.936Z] [INFO] Scheduled task: Full anatomy rescan (0 */6 * * *)
[2026-04-29T02:00:20.938Z] [INFO] Scheduled task: Consolidate old memory (0 2 * * *)
[2026-04-29T02:00:20.938Z] [INFO] Scheduled task: Token audit report (0 0 * * 1)
[2026-04-29T02:00:20.938Z] [INFO] Scheduled task: Cerebrum reflection (0 3 * * 0)
[2026-04-29T02:00:20.939Z] [INFO] Scheduled task: AI suggestions (0 4 * * 1)
[2026-04-29T02:00:20.939Z] [INFO] File watcher started on .wolf/
[2026-04-29T02:00:20.940Z] [INFO] OpenWolf daemon started
[2026-04-29T02:00:20.940Z] [INFO] Dashboard server listening on port 18791
[2026-04-29T02:00:50.551Z] [INFO] Scheduled task: Full anatomy rescan (0 */6 * * *)
[2026-04-29T02:00:50.552Z] [INFO] Scheduled task: Consolidate old memory (0 2 * * *)
[2026-04-29T02:00:50.552Z] [INFO] Scheduled task: Token audit report (0 0 * * 1)
[2026-04-29T02:00:50.553Z] [INFO] Scheduled task: Cerebrum reflection (0 3 * * 0)
[2026-04-29T02:00:50.553Z] [INFO] Scheduled task: AI suggestions (0 4 * * 1)
[2026-04-29T02:00:50.553Z] [INFO] File watcher started on .wolf/
[2026-04-29T02:00:50.554Z] [INFO] OpenWolf daemon started
[2026-04-29T02:00:50.554Z] [INFO] Dashboard server listening on port 18791
[2026-04-29T02:00:50.707Z] [INFO] Scheduled task: Full anatomy rescan (0 */6 * * *)
[2026-04-29T02:00:50.708Z] [INFO] Scheduled task: Consolidate old memory (0 2 * * *)
[2026-04-29T02:00:50.709Z] [INFO] Scheduled task: Token audit report (0 0 * * 1)
[2026-04-29T02:00:50.709Z] [INFO] Scheduled task: Cerebrum reflection (0 3 * * 0)
[2026-04-29T02:00:50.709Z] [INFO] Scheduled task: AI suggestions (0 4 * * 1)
[2026-04-29T02:00:50.710Z] [INFO] File watcher started on .wolf/
[2026-04-29T02:00:50.710Z] [INFO] OpenWolf daemon started
[2026-04-29T02:00:50.710Z] [INFO] Dashboard server listening on port 18791
[2026-04-29T02:00:50.860Z] [INFO] Scheduled task: Full anatomy rescan (0 */6 * * *)
[2026-04-29T02:00:50.861Z] [INFO] Scheduled task: Consolidate old memory (0 2 * * *)
[2026-04-29T02:00:50.861Z] [INFO] Scheduled task: Token audit report (0 0 * * 1)
[2026-04-29T02:00:50.861Z] [INFO] Scheduled task: Cerebrum reflection (0 3 * * 0)
[2026-04-29T02:00:50.862Z] [INFO] Scheduled task: AI suggestions (0 4 * * 1)
[2026-04-29T02:00:50.862Z] [INFO] File watcher started on .wolf/
[2026-04-29T02:00:50.863Z] [INFO] OpenWolf daemon started
[2026-04-29T02:00:50.863Z] [INFO] Dashboard server listening on port 18791
[2026-04-29T02:00:51.014Z] [INFO] Scheduled task: Full anatomy rescan (0 */6 * * *)
[2026-04-29T02:00:51.015Z] [INFO] Scheduled task: Consolidate old memory (0 2 * * *)
[2026-04-29T02:00:51.015Z] [INFO] Scheduled task: Token audit report (0 0 * * 1)
[2026-04-29T02:00:51.015Z] [INFO] Scheduled task: Cerebrum reflection (0 3 * * 0)
[2026-04-29T02:00:51.015Z] [INFO] Scheduled task: AI suggestions (0 4 * * 1)
[2026-04-29T02:00:51.016Z] [INFO] File watcher started on .wolf/
[2026-04-29T02:00:51.017Z] [INFO] OpenWolf daemon started
[2026-04-29T02:00:51.017Z] [INFO] Dashboard server listening on port 18791
[2026-04-29T02:00:51.165Z] [INFO] Scheduled task: Full anatomy rescan (0 */6 * * *)
[2026-04-29T02:00:51.166Z] [INFO] Scheduled task: Consolidate old memory (0 2 * * *)
[2026-04-29T02:00:51.167Z] [INFO] Scheduled task: Token audit report (0 0 * * 1)
[2026-04-29T02:00:51.167Z] [INFO] Scheduled task: Cerebrum reflection (0 3 * * 0)
[2026-04-29T02:00:51.167Z] [INFO] Scheduled task: AI suggestions (0 4 * * 1)
[2026-04-29T02:00:51.168Z] [INFO] File watcher started on .wolf/
[2026-04-29T02:00:51.168Z] [INFO] OpenWolf daemon started
[2026-04-29T02:00:51.168Z] [INFO] Dashboard server listening on port 18791
[2026-04-29T02:00:51.315Z] [INFO] Scheduled task: Full anatomy rescan (0 */6 * * *)
[2026-04-29T02:00:51.316Z] [INFO] Scheduled task: Consolidate old memory (0 2 * * *)
[2026-04-29T02:00:51.316Z] [INFO] Scheduled task: Token audit report (0 0 * * 1)
[2026-04-29T02:00:51.317Z] [INFO] Scheduled task: Cerebrum reflection (0 3 * * 0)
[2026-04-29T02:00:51.317Z] [INFO] Scheduled task: AI suggestions (0 4 * * 1)
[2026-04-29T02:00:51.317Z] [INFO] File watcher started on .wolf/
[2026-04-29T02:00:51.318Z] [INFO] OpenWolf daemon started
[2026-04-29T02:00:51.318Z] [INFO] Dashboard server listening on port 18791
[2026-04-29T02:00:51.467Z] [INFO] Scheduled task: Full anatomy rescan (0 */6 * * *)
[2026-04-29T02:00:51.468Z] [INFO] Scheduled task: Consolidate old memory (0 2 * * *)
[2026-04-29T02:00:51.468Z] [INFO] Scheduled task: Token audit report (0 0 * * 1)
[2026-04-29T02:00:51.469Z] [INFO] Scheduled task: Cerebrum reflection (0 3 * * 0)
[2026-04-29T02:00:51.469Z] [INFO] Scheduled task: AI suggestions (0 4 * * 1)
[2026-04-29T02:00:51.469Z] [INFO] File watcher started on .wolf/
[2026-04-29T02:00:51.470Z] [INFO] OpenWolf daemon started
[2026-04-29T02:00:51.470Z] [INFO] Dashboard server listening on port 18791
[2026-04-29T02:00:51.620Z] [INFO] Scheduled task: Full anatomy rescan (0 */6 * * *)
[2026-04-29T02:00:51.621Z] [INFO] Scheduled task: Consolidate old memory (0 2 * * *)
[2026-04-29T02:00:51.621Z] [INFO] Scheduled task: Token audit report (0 0 * * 1)
[2026-04-29T02:00:51.622Z] [INFO] Scheduled task: Cerebrum reflection (0 3 * * 0)
[2026-04-29T02:00:51.622Z] [INFO] Scheduled task: AI suggestions (0 4 * * 1)
[2026-04-29T02:00:51.623Z] [INFO] File watcher started on .wolf/
[2026-04-29T02:00:51.624Z] [INFO] OpenWolf daemon started
[2026-04-29T02:00:51.624Z] [INFO] Dashboard server listening on port 18791
[2026-04-29T02:00:51.783Z] [INFO] Scheduled task: Full anatomy rescan (0 */6 * * *)
[2026-04-29T02:00:51.784Z] [INFO] Scheduled task: Consolidate old memory (0 2 * * *)
[2026-04-29T02:00:51.785Z] [INFO] Scheduled task: Token audit report (0 0 * * 1)
[2026-04-29T02:00:51.785Z] [INFO] Scheduled task: Cerebrum reflection (0 3 * * 0)
[2026-04-29T02:00:51.785Z] [INFO] Scheduled task: AI suggestions (0 4 * * 1)
[2026-04-29T02:00:51.786Z] [INFO] File watcher started on .wolf/
[2026-04-29T02:00:51.786Z] [INFO] OpenWolf daemon started
[2026-04-29T02:00:51.787Z] [INFO] Dashboard server listening on port 18791
[2026-04-29T02:00:51.934Z] [INFO] Scheduled task: Full anatomy rescan (0 */6 * * *)
[2026-04-29T02:00:51.935Z] [INFO] Scheduled task: Consolidate old memory (0 2 * * *)
[2026-04-29T02:00:51.935Z] [INFO] Scheduled task: Token audit report (0 0 * * 1)
[2026-04-29T02:00:51.936Z] [INFO] Scheduled task: Cerebrum reflection (0 3 * * 0)
[2026-04-29T02:00:51.936Z] [INFO] Scheduled task: AI suggestions (0 4 * * 1)
[2026-04-29T02:00:51.936Z] [INFO] File watcher started on .wolf/
[2026-04-29T02:00:51.937Z] [INFO] OpenWolf daemon started
[2026-04-29T02:00:51.937Z] [INFO] Dashboard server listening on port 18791
[2026-04-29T02:00:52.088Z] [INFO] Scheduled task: Full anatomy rescan (0 */6 * * *)
[2026-04-29T02:00:52.089Z] [INFO] Scheduled task: Consolidate old memory (0 2 * * *)
[2026-04-29T02:00:52.090Z] [INFO] Scheduled task: Token audit report (0 0 * * 1)
[2026-04-29T02:00:52.090Z] [INFO] Scheduled task: Cerebrum reflection (0 3 * * 0)
[2026-04-29T02:00:52.090Z] [INFO] Scheduled task: AI suggestions (0 4 * * 1)
[2026-04-29T02:00:52.091Z] [INFO] File watcher started on .wolf/
[2026-04-29T02:00:52.091Z] [INFO] OpenWolf daemon started
[2026-04-29T02:00:52.091Z] [INFO] Dashboard server listening on port 18791
[2026-04-29T02:00:52.240Z] [INFO] Scheduled task: Full anatomy rescan (0 */6 * * *)
[2026-04-29T02:00:52.241Z] [INFO] Scheduled task: Consolidate old memory (0 2 * * *)
[2026-04-29T02:00:52.242Z] [INFO] Scheduled task: Token audit report (0 0 * * 1)
[2026-04-29T02:00:52.242Z] [INFO] Scheduled task: Cerebrum reflection (0 3 * * 0)
[2026-04-29T02:00:52.242Z] [INFO] Scheduled task: AI suggestions (0 4 * * 1)
[2026-04-29T02:00:52.243Z] [INFO] File watcher started on .wolf/
[2026-04-29T02:00:52.243Z] [INFO] OpenWolf daemon started
[2026-04-29T02:00:52.244Z] [INFO] Dashboard server listening on port 18791
[2026-04-29T02:00:52.392Z] [INFO] Scheduled task: Full anatomy rescan (0 */6 * * *)
[2026-04-29T02:00:52.393Z] [INFO] Scheduled task: Consolidate old memory (0 2 * * *)
[2026-04-29T02:00:52.393Z] [INFO] Scheduled task: Token audit report (0 0 * * 1)
[2026-04-29T02:00:52.394Z] [INFO] Scheduled task: Cerebrum reflection (0 3 * * 0)
[2026-04-29T02:00:52.394Z] [INFO] Scheduled task: AI suggestions (0 4 * * 1)
[2026-04-29T02:00:52.395Z] [INFO] File watcher started on .wolf/
[2026-04-29T02:00:52.395Z] [INFO] OpenWolf daemon started
[2026-04-29T02:00:52.395Z] [INFO] Dashboard server listening on port 18791
[2026-04-29T02:00:52.542Z] [INFO] Scheduled task: Full anatomy rescan (0 */6 * * *)
[2026-04-29T02:00:52.543Z] [INFO] Scheduled task: Consolidate old memory (0 2 * * *)
[2026-04-29T02:00:52.543Z] [INFO] Scheduled task: Token audit report (0 0 * * 1)
[2026-04-29T02:00:52.544Z] [INFO] Scheduled task: Cerebrum reflection (0 3 * * 0)
[2026-04-29T02:00:52.544Z] [INFO] Scheduled task: AI suggestions (0 4 * * 1)
[2026-04-29T02:00:52.544Z] [INFO] File watcher started on .wolf/
[2026-04-29T02:00:52.545Z] [INFO] OpenWolf daemon started
[2026-04-29T02:00:52.545Z] [INFO] Dashboard server listening on port 18791
[2026-04-29T02:00:52.693Z] [INFO] Scheduled task: Full anatomy rescan (0 */6 * * *)
[2026-04-29T02:00:52.694Z] [INFO] Scheduled task: Consolidate old memory (0 2 * * *)
[2026-04-29T02:00:52.694Z] [INFO] Scheduled task: Token audit report (0 0 * * 1)
[2026-04-29T02:00:52.695Z] [INFO] Scheduled task: Cerebrum reflection (0 3 * * 0)
[2026-04-29T02:00:52.695Z] [INFO] Scheduled task: AI suggestions (0 4 * * 1)
[2026-04-29T02:00:52.695Z] [INFO] File watcher started on .wolf/
[2026-04-29T02:00:52.696Z] [INFO] OpenWolf daemon started
[2026-04-29T02:00:52.696Z] [INFO] Dashboard server listening on port 18791
[2026-04-29T02:00:52.843Z] [INFO] Scheduled task: Full anatomy rescan (0 */6 * * *)
[2026-04-29T02:00:52.844Z] [INFO] Scheduled task: Consolidate old memory (0 2 * * *)
[2026-04-29T02:00:52.845Z] [INFO] Scheduled task: Token audit report (0 0 * * 1)
[2026-04-29T02:00:52.845Z] [INFO] Scheduled task: Cerebrum reflection (0 3 * * 0)
[2026-04-29T02:00:52.845Z] [INFO] Scheduled task: AI suggestions (0 4 * * 1)
[2026-04-29T02:00:52.845Z] [INFO] File watcher started on .wolf/
[2026-04-29T02:00:52.846Z] [INFO] OpenWolf daemon started
[2026-04-29T02:00:52.846Z] [INFO] Dashboard server listening on port 18791
